d:\workspace code\workpace ms visual studio 2022\bttl\bttl\x64\debug\bttl.pch
d:\workspace code\workpace ms visual studio 2022\bttl\bttl\x64\debug\vc143.pdb
d:\workspace code\workpace ms visual studio 2022\bttl\bttl\x64\debug\vc143.idb
d:\workspace code\workpace ms visual studio 2022\bttl\bttl\x64\debug\pch.obj
d:\workspace code\workpace ms visual studio 2022\bttl\bttl\x64\debug\thanhviennhom.obj
d:\workspace code\workpace ms visual studio 2022\bttl\bttl\x64\debug\bttldlg.obj
d:\workspace code\workpace ms visual studio 2022\bttl\bttl\x64\debug\bttl.obj
d:\workspace code\workpace ms visual studio 2022\bttl\bttl\x64\debug\thongtinkhachhang.obj
d:\workspace code\workpace ms visual studio 2022\bttl\bttl\x64\debug\sodophong.obj
d:\workspace code\workpace ms visual studio 2022\bttl\x64\debug\bttl.exe
d:\workspace code\workpace ms visual studio 2022\bttl\bttl\x64\debug\bttl.ilk
d:\workspace code\workpace ms visual studio 2022\bttl\x64\debug\bttl.pdb
d:\workspace code\workpace ms visual studio 2022\bttl\bttl\x64\debug\bttl.res
d:\workspace code\workpace ms visual studio 2022\bttl\bttl\x64\debug\tinhtien.obj
d:\workspace code\workpace ms visual studio 2022\bttl\bttl\x64\debug\tinhtienphong.obj
d:\workspace code\workpace ms visual studio 2022\bttl\bttl\x64\debug\thongtinkhachhang.obj.enc
d:\workspace code\workpace ms visual studio 2022\bttl\bttl\x64\debug\bttl.tlog\cl.command.1.tlog
d:\workspace code\workpace ms visual studio 2022\bttl\bttl\x64\debug\bttl.tlog\cl.read.1.tlog
d:\workspace code\workpace ms visual studio 2022\bttl\bttl\x64\debug\bttl.tlog\cl.write.1.tlog
d:\workspace code\workpace ms visual studio 2022\bttl\bttl\x64\debug\bttl.tlog\link.command.1.tlog
d:\workspace code\workpace ms visual studio 2022\bttl\bttl\x64\debug\bttl.tlog\link.read.1.tlog
d:\workspace code\workpace ms visual studio 2022\bttl\bttl\x64\debug\bttl.tlog\link.write.1.tlog
d:\workspace code\workpace ms visual studio 2022\bttl\bttl\x64\debug\bttl.tlog\rc.command.1.tlog
d:\workspace code\workpace ms visual studio 2022\bttl\bttl\x64\debug\bttl.tlog\rc.read.1.tlog
d:\workspace code\workpace ms visual studio 2022\bttl\bttl\x64\debug\bttl.tlog\rc.write.1.tlog
